Using pre-set license
Built from '2020.3/staging' branch; Version is '2020.3.0f1 (c7b5465681fb) revision 13088070'; Using compiler version '192528614'; Build Type 'Release'
OS: 'Windows 10 Pro; OS build 19042.985; Version 2009; 64bit' Language: 'es' Physical Memory: 16332 MB
BatchMode: 1, IsHumanControllingUs: 0, StartBugReporterOnCrash: 0, Is64bit: 1, IsPro: 0

 COMMAND LINE ARGUMENTS:
D:\Fantasia\Magito\2020.3.0f1\Editor\Unity.exe
-adb2
-batchMode
-noUpm
-name
AssetImportWorker0
-projectPath
D:/Fantasia/PROYECTIOS CLASES/Juegos_Casuales_Examen
-logFile
Logs/AssetImportWorker0.log
-srvPort
52876
Successfully changed project path to: D:/Fantasia/PROYECTIOS CLASES/Juegos_Casuales_Examen
D:/Fantasia/PROYECTIOS CLASES/Juegos_Casuales_Examen
Using Asset Import Pipeline V2.
Refreshing native plugins compatible for Editor in 51.69 ms, found 1 plugins.
Preloading 0 native plugins for Editor in 0.00 ms.
Initialize engine version: 2020.3.0f1 (c7b5465681fb)
[Subsystems] Discovering subsystems at path D:/Fantasia/Magito/2020.3.0f1/Editor/Data/Resources/UnitySubsystems
[Subsystems] Discovering subsystems at path D:/Fantasia/PROYECTIOS CLASES/Juegos_Casuales_Examen/Assets
GfxDevice: creating device client; threaded=0
Direct3D:
    Version:  Direct3D 11.0 [level 11.1]
    Renderer: NVIDIA GeForce GTX 1650 (ID=0x2188)
    Vendor:   
    VRAM:     3962 MB
    Driver:   27.21.14.6140
Initialize mono
Mono path[0] = 'D:/Fantasia/Magito/2020.3.0f1/Editor/Data/Managed'
Mono path[1] = 'D:/Fantasia/Magito/2020.3.0f1/Editor/Data/MonoBleedingEdge/lib/mono/unityjit'
Mono config path = 'D:/Fantasia/Magito/2020.3.0f1/Editor/Data/MonoBleedingEdge/etc'
Using monoOptions --debugger-agent=transport=dt_socket,embedding=1,server=y,suspend=n,address=127.0.0.1:56884
Begin MonoManager ReloadAssembly
Registering precompiled unity dll's ...
Register platform support module: D:/Fantasia/Magito/2020.3.0f1/Editor/Data/PlaybackEngines/WindowsStandaloneSupport/UnityEditor.WindowsStandalone.Extensions.dll
Registered in 0.002097 seconds.
Native extension for WindowsStandalone target not found
Refreshing native plugins compatible for Editor in 39.14 ms, found 1 plugins.
Preloading 0 native plugins for Editor in 0.00 ms.
Invoked RoslynAnalysisRunner static constructor.
RoslynAnalysisRunner will not be running.
RoslynAnalysisRunner has terminated.
Mono: successfully reloaded assembly
- Completed reload, in  4.925 seconds
Platform modules already initialized, skipping
Registering precompiled user dll's ...
Registered in 0.002295 seconds.
Begin MonoManager ReloadAssembly
Native extension for WindowsStandalone target not found
Refreshing native plugins compatible for Editor in 40.69 ms, found 1 plugins.
Preloading 0 native plugins for Editor in 0.00 ms.
Invoked RoslynAnalysisRunner static constructor.
RoslynAnalysisRunner will not be running.
RoslynAnalysisRunner has terminated.
Mono: successfully reloaded assembly
- Completed reload, in  1.084 seconds
Platform modules already initialized, skipping
========================================================================
Worker process is ready to serve import requests
Launched and connected shader compiler UnityShaderCompiler.exe after 0.06 seconds
Refreshing native plugins compatible for Editor in 0.40 ms, found 1 plugins.
Preloading 0 native plugins for Editor in 0.00 ms.
Unloading 1982 Unused Serialized files (Serialized files now loaded: 0)
System memory in use before: 91.8 MB.
System memory in use after: 91.9 MB.

Unloading 22 unused Assets to reduce memory usage. Loaded Objects now: 2432.
Total: 3.243100 ms (FindLiveObjects: 0.370700 ms CreateObjectMapping: 0.072900 ms MarkObjects: 2.695100 ms  DeleteObjects: 0.102300 ms)

========================================================================
Received Import Request.
  path: Assets/Scenes/Nivel 1.unity
  artifactKey: Guid(2748b335dff6e554eb97c4b6aa19b836) Importer(815301076,1909f56bfc062723c751e8b465ee728b)
Start importing Assets/Scenes/Nivel 1.unity using Guid(2748b335dff6e554eb97c4b6aa19b836) Importer(815301076,1909f56bfc062723c751e8b465ee728b)  -> (artifact id: '26c0a7e427cb3d7b64686ce568546f8c') in 0.018888 seconds
  Import took 0.038229 seconds .

========================================================================
Received Import Request.
  Time since last request: 17.974319 seconds.
  path: Assets/Scripts
  artifactKey: Guid(cecc5e438cc371940a54b2ab546b5608) Importer(815301076,1909f56bfc062723c751e8b465ee728b)
Start importing Assets/Scripts using Guid(cecc5e438cc371940a54b2ab546b5608) Importer(815301076,1909f56bfc062723c751e8b465ee728b)  -> (artifact id: 'f6df360e6c9dac38ff91eed8b451f768') in 0.020138 seconds
  Import took 0.034828 seconds .

========================================================================
Received Import Request.
  Time since last request: 3.779674 seconds.
  path: Assets/Scripts/PlayerMovement.cs
  artifactKey: Guid(91060be1f8f5b4c4a93a21739c573b65) Importer(815301076,1909f56bfc062723c751e8b465ee728b)
Start importing Assets/Scripts/PlayerMovement.cs using Guid(91060be1f8f5b4c4a93a21739c573b65) Importer(815301076,1909f56bfc062723c751e8b465ee728b)  -> (artifact id: 'eb71eee59dcbb970f22d40189360ada0') in 0.054714 seconds
  Import took 0.126449 seconds .

========================================================================
Received Prepare
Registering precompiled user dll's ...
Registered in 0.002316 seconds.
Begin MonoManager ReloadAssembly
Native extension for WindowsStandalone target not found
Refreshing native plugins compatible for Editor in 0.43 ms, found 1 plugins.
Preloading 0 native plugins for Editor in 0.00 ms.
Invoked RoslynAnalysisRunner static constructor.
RoslynAnalysisRunner will not be running.
RoslynAnalysisRunner has terminated.
Mono: successfully reloaded assembly
- Completed reload, in  1.101 seconds
Platform modules already initialized, skipping
Refreshing native plugins compatible for Editor in 0.41 ms, found 1 plugins.
Preloading 0 native plugins for Editor in 0.00 ms.
Unloading 1956 Unused Serialized files (Serialized files now loaded: 0)
System memory in use before: 90.3 MB.
System memory in use after: 90.4 MB.

Unloading 11 unused Assets to reduce memory usage. Loaded Objects now: 2435.
Total: 2.605600 ms (FindLiveObjects: 0.360800 ms CreateObjectMapping: 0.074500 ms MarkObjects: 2.148100 ms  DeleteObjects: 0.019500 ms)

========================================================================
Received Prepare
Registering precompiled user dll's ...
Registered in 0.002628 seconds.
Begin MonoManager ReloadAssembly
Native extension for WindowsStandalone target not found
Refreshing native plugins compatible for Editor in 0.42 ms, found 1 plugins.
Preloading 0 native plugins for Editor in 0.00 ms.
Invoked RoslynAnalysisRunner static constructor.
RoslynAnalysisRunner will not be running.
RoslynAnalysisRunner has terminated.
Mono: successfully reloaded assembly
- Completed reload, in  1.126 seconds
Platform modules already initialized, skipping
Refreshing native plugins compatible for Editor in 0.41 ms, found 1 plugins.
Preloading 0 native plugins for Editor in 0.00 ms.
Unloading 1957 Unused Serialized files (Serialized files now loaded: 0)
System memory in use before: 90.3 MB.
System memory in use after: 90.4 MB.

Unloading 10 unused Assets to reduce memory usage. Loaded Objects now: 2440.
Total: 2.001600 ms (FindLiveObjects: 0.241200 ms CreateObjectMapping: 0.054300 ms MarkObjects: 1.687500 ms  DeleteObjects: 0.016700 ms)

========================================================================
Received Import Request.
  Time since last request: 81.879304 seconds.
  path: Assets/Scripts/PlayerMovement.cs
  artifactKey: Guid(91060be1f8f5b4c4a93a21739c573b65) Importer(815301076,1909f56bfc062723c751e8b465ee728b)
Start importing Assets/Scripts/PlayerMovement.cs using Guid(91060be1f8f5b4c4a93a21739c573b65) Importer(815301076,1909f56bfc062723c751e8b465ee728b)  -> (artifact id: 'ecf43fa6c3f88434b92b8e52a0881a45') in 0.065217 seconds
  Import took 0.084885 seconds .

========================================================================
Received Import Request.
  Time since last request: 61.890565 seconds.
  path: Assets/Scenes/Dispensador Awua.unity
  artifactKey: Guid(982214b10ccfcae45a6a574743796b23) Importer(815301076,1909f56bfc062723c751e8b465ee728b)
Start importing Assets/Scenes/Dispensador Awua.unity using Guid(982214b10ccfcae45a6a574743796b23) Importer(815301076,1909f56bfc062723c751e8b465ee728b)  -> (artifact id: '8f50a3961077304a74c3884083e4accf') in 0.011631 seconds
  Import took 0.014953 seconds .

========================================================================
Received Import Request.
  Time since last request: 3.741943 seconds.
  path: Assets/Scenes/Nivel 1.unity
  artifactKey: Guid(2748b335dff6e554eb97c4b6aa19b836) Importer(815301076,1909f56bfc062723c751e8b465ee728b)
Start importing Assets/Scenes/Nivel 1.unity using Guid(2748b335dff6e554eb97c4b6aa19b836) Importer(815301076,1909f56bfc062723c751e8b465ee728b)  -> (artifact id: '7ebcc6fde5f4003997f8016ba9036c6b') in 0.005454 seconds
  Import took 0.008575 seconds .

